<?xml version="1.0" encoding="UTF-8"?>
<testsuites>
  <testsuite name="My Login application" timestamp="2022-11-08T20:48:26" time="56.068" tests="3" failures="3" errors="3" skipped="0">
    <properties>
      <property name="specId" value="0"/>
      <property name="suiteName" value="My Login application"/>
      <property name="capabilities" value="chrome.107_0_5304_87.linux"/>
      <property name="file" value=".\test\specs\example.e2e.js"/>
    </properties>
    <testcase classname="chrome.107_0_5304_87.linux.My_Login_application" name="Page Wdio test" time="25.258">
      <failure/>
      <error message="element (&quot;ul.navigation&quot;) still not enabled after 20000ms"/>
      <system-out><![CDATA[
COMMAND: POST /session/39ea1a9ce9476a0afe161b8f6239d49b/url - {"url":"https://sso.teachable.com/secure/9521/identity/login/password"}
RESULT: {"url":"https://sso.teachable.com/secure/9521/identity/login/password"}
COMMAND: GET /session/39ea1a9ce9476a0afe161b8f6239d49b/title - {}
RESULT: {}
COMMAND: POST /session/39ea1a9ce9476a0afe161b8f6239d49b/element - {"using":"css selector","value":"input[type=\"email\"]"}
RESULT: {"using":"css selector","value":"input[type=\"email\"]"}
COMMAND: POST /session/39ea1a9ce9476a0afe161b8f6239d49b/element/ac5be510-e588-443e-917f-536b15d23f82/click - {}
RESULT: {}
COMMAND: POST /session/39ea1a9ce9476a0afe161b8f6239d49b/element - {"using":"css selector","value":"input[type=\"email\"]"}
RESULT: {"using":"css selector","value":"input[type=\"email\"]"}
COMMAND: POST /session/39ea1a9ce9476a0afe161b8f6239d49b/element/ac5be510-e588-443e-917f-536b15d23f82/value - {"text":"a_niko415@mail.ru"}
RESULT: {"text":"a_niko415@mail.ru"}
COMMAND: POST /session/39ea1a9ce9476a0afe161b8f6239d49b/element - {"using":"css selector","value":"input[type=\"password\"]"}
RESULT: {"using":"css selector","value":"input[type=\"password\"]"}
COMMAND: POST /session/39ea1a9ce9476a0afe161b8f6239d49b/element/105d3c82-b15a-46b3-bc16-6ec30d55c1e9/click - {}
RESULT: {}
COMMAND: POST /session/39ea1a9ce9476a0afe161b8f6239d49b/element - {"using":"css selector","value":"input[type=\"password\"]"}
RESULT: {"using":"css selector","value":"input[type=\"password\"]"}
COMMAND: POST /session/39ea1a9ce9476a0afe161b8f6239d49b/element/105d3c82-b15a-46b3-bc16-6ec30d55c1e9/value - {"text":"Pavlusha_19"}
RESULT: {"text":"Pavlusha_19"}
COMMAND: POST /session/39ea1a9ce9476a0afe161b8f6239d49b/element - {"using":"css selector","value":"input[type=\"submit\"]"}
RESULT: {"using":"css selector","value":"input[type=\"submit\"]"}
COMMAND: POST /session/39ea1a9ce9476a0afe161b8f6239d49b/element/593593c6-c5b9-4d8b-9c6c-c5e0f733b887/click - {}
RESULT: {}
COMMAND: POST /session/39ea1a9ce9476a0afe161b8f6239d49b/element - {"using":"css selector","value":"ul.navigation"}
RESULT: {"using":"css selector","value":"ul.navigation"}
COMMAND: POST /session/39ea1a9ce9476a0afe161b8f6239d49b/elements - {"using":"css selector","value":"ul.navigation"}
RESULT: {"using":"css selector","value":"ul.navigation"}
COMMAND: POST /session/39ea1a9ce9476a0afe161b8f6239d49b/elements - {"using":"css selector","value":"ul.navigation"}
RESULT: {"using":"css selector","value":"ul.navigation"}
COMMAND: POST /session/39ea1a9ce9476a0afe161b8f6239d49b/elements - {"using":"css selector","value":"ul.navigation"}
RESULT: {"using":"css selector","value":"ul.navigation"}
COMMAND: POST /session/39ea1a9ce9476a0afe161b8f6239d49b/elements - {"using":"css selector","value":"ul.navigation"}
RESULT: {"using":"css selector","value":"ul.navigation"}
COMMAND: POST /session/39ea1a9ce9476a0afe161b8f6239d49b/elements - {"using":"css selector","value":"ul.navigation"}
RESULT: {"using":"css selector","value":"ul.navigation"}
COMMAND: POST /session/39ea1a9ce9476a0afe161b8f6239d49b/elements - {"using":"css selector","value":"ul.navigation"}
RESULT: {"using":"css selector","value":"ul.navigation"}
COMMAND: POST /session/39ea1a9ce9476a0afe161b8f6239d49b/elements - {"using":"css selector","value":"ul.navigation"}
RESULT: {"using":"css selector","value":"ul.navigation"}
COMMAND: POST /session/39ea1a9ce9476a0afe161b8f6239d49b/elements - {"using":"css selector","value":"ul.navigation"}
RESULT: {"using":"css selector","value":"ul.navigation"}
COMMAND: POST /session/39ea1a9ce9476a0afe161b8f6239d49b/elements - {"using":"css selector","value":"ul.navigation"}
RESULT: {"using":"css selector","value":"ul.navigation"}
COMMAND: POST /session/39ea1a9ce9476a0afe161b8f6239d49b/elements - {"using":"css selector","value":"ul.navigation"}
RESULT: {"using":"css selector","value":"ul.navigation"}
COMMAND: POST /session/39ea1a9ce9476a0afe161b8f6239d49b/elements - {"using":"css selector","value":"ul.navigation"}
RESULT: {"using":"css selector","value":"ul.navigation"}
COMMAND: POST /session/39ea1a9ce9476a0afe161b8f6239d49b/elements - {"using":"css selector","value":"ul.navigation"}
RESULT: {"using":"css selector","value":"ul.navigation"}
COMMAND: POST /session/39ea1a9ce9476a0afe161b8f6239d49b/elements - {"using":"css selector","value":"ul.navigation"}
RESULT: {"using":"css selector","value":"ul.navigation"}
COMMAND: POST /session/39ea1a9ce9476a0afe161b8f6239d49b/elements - {"using":"css selector","value":"ul.navigation"}
RESULT: {"using":"css selector","value":"ul.navigation"}
COMMAND: POST /session/39ea1a9ce9476a0afe161b8f6239d49b/elements - {"using":"css selector","value":"ul.navigation"}
RESULT: {"using":"css selector","value":"ul.navigation"}
COMMAND: POST /session/39ea1a9ce9476a0afe161b8f6239d49b/elements - {"using":"css selector","value":"ul.navigation"}
RESULT: {"using":"css selector","value":"ul.navigation"}
COMMAND: POST /session/39ea1a9ce9476a0afe161b8f6239d49b/elements - {"using":"css selector","value":"ul.navigation"}
RESULT: {"using":"css selector","value":"ul.navigation"}
COMMAND: POST /session/39ea1a9ce9476a0afe161b8f6239d49b/elements - {"using":"css selector","value":"ul.navigation"}
RESULT: {"using":"css selector","value":"ul.navigation"}
COMMAND: POST /session/39ea1a9ce9476a0afe161b8f6239d49b/elements - {"using":"css selector","value":"ul.navigation"}
RESULT: {"using":"css selector","value":"ul.navigation"}
COMMAND: POST /session/39ea1a9ce9476a0afe161b8f6239d49b/elements - {"using":"css selector","value":"ul.navigation"}
RESULT: {"using":"css selector","value":"ul.navigation"}
COMMAND: POST /session/39ea1a9ce9476a0afe161b8f6239d49b/elements - {"using":"css selector","value":"ul.navigation"}
RESULT: {"using":"css selector","value":"ul.navigation"}
COMMAND: POST /session/39ea1a9ce9476a0afe161b8f6239d49b/elements - {"using":"css selector","value":"ul.navigation"}
RESULT: {"using":"css selector","value":"ul.navigation"}
COMMAND: POST /session/39ea1a9ce9476a0afe161b8f6239d49b/elements - {"using":"css selector","value":"ul.navigation"}
RESULT: {"using":"css selector","value":"ul.navigation"}
COMMAND: POST /session/39ea1a9ce9476a0afe161b8f6239d49b/elements - {"using":"css selector","value":"ul.navigation"}
RESULT: {"using":"css selector","value":"ul.navigation"}
COMMAND: POST /session/39ea1a9ce9476a0afe161b8f6239d49b/elements - {"using":"css selector","value":"ul.navigation"}
RESULT: {"using":"css selector","value":"ul.navigation"}
COMMAND: POST /session/39ea1a9ce9476a0afe161b8f6239d49b/elements - {"using":"css selector","value":"ul.navigation"}
RESULT: {"using":"css selector","value":"ul.navigation"}
COMMAND: POST /session/39ea1a9ce9476a0afe161b8f6239d49b/elements - {"using":"css selector","value":"ul.navigation"}
RESULT: {"using":"css selector","value":"ul.navigation"}
COMMAND: POST /session/39ea1a9ce9476a0afe161b8f6239d49b/elements - {"using":"css selector","value":"ul.navigation"}
RESULT: {"using":"css selector","value":"ul.navigation"}
COMMAND: POST /session/39ea1a9ce9476a0afe161b8f6239d49b/elements - {"using":"css selector","value":"ul.navigation"}
RESULT: {"using":"css selector","value":"ul.navigation"}
COMMAND: POST /session/39ea1a9ce9476a0afe161b8f6239d49b/elements - {"using":"css selector","value":"ul.navigation"}
RESULT: {"using":"css selector","value":"ul.navigation"}
COMMAND: POST /session/39ea1a9ce9476a0afe161b8f6239d49b/elements - {"using":"css selector","value":"ul.navigation"}
RESULT: {"using":"css selector","value":"ul.navigation"}
COMMAND: POST /session/39ea1a9ce9476a0afe161b8f6239d49b/elements - {"using":"css selector","value":"ul.navigation"}
RESULT: {"using":"css selector","value":"ul.navigation"}
COMMAND: POST /session/39ea1a9ce9476a0afe161b8f6239d49b/elements - {"using":"css selector","value":"ul.navigation"}
RESULT: {"using":"css selector","value":"ul.navigation"}
COMMAND: POST /session/39ea1a9ce9476a0afe161b8f6239d49b/elements - {"using":"css selector","value":"ul.navigation"}
RESULT: {"using":"css selector","value":"ul.navigation"}
COMMAND: POST /session/39ea1a9ce9476a0afe161b8f6239d49b/elements - {"using":"css selector","value":"ul.navigation"}
RESULT: {"using":"css selector","value":"ul.navigation"}
COMMAND: POST /session/39ea1a9ce9476a0afe161b8f6239d49b/elements - {"using":"css selector","value":"ul.navigation"}
RESULT: {"using":"css selector","value":"ul.navigation"}
COMMAND: POST /session/39ea1a9ce9476a0afe161b8f6239d49b/elements - {"using":"css selector","value":"ul.navigation"}
RESULT: {"using":"css selector","value":"ul.navigation"}
COMMAND: POST /session/39ea1a9ce9476a0afe161b8f6239d49b/elements - {"using":"css selector","value":"ul.navigation"}
RESULT: {"using":"css selector","value":"ul.navigation"}
COMMAND: POST /session/39ea1a9ce9476a0afe161b8f6239d49b/elements - {"using":"css selector","value":"ul.navigation"}
RESULT: {"using":"css selector","value":"ul.navigation"}
COMMAND: POST /session/39ea1a9ce9476a0afe161b8f6239d49b/elements - {"using":"css selector","value":"ul.navigation"}
RESULT: {"using":"css selector","value":"ul.navigation"}
COMMAND: DELETE /session/39ea1a9ce9476a0afe161b8f6239d49b - {}
RESULT: {}
]]></system-out>
      <system-err><![CDATA[
Error: element ("ul.navigation") still not enabled after 20000ms
    at D:\Automation Program Global - Advanced\Homework 7 - CI-CD\wdio-selenium-grid\node_modules\webdriverio\build\commands\browser\waitUntil.js:66:23
    at async Element.wrapCommandFn (D:\Automation Program Global - Advanced\Homework 7 - CI-CD\wdio-selenium-grid\node_modules\@wdio\utils\build\shim.js:137:29)
    at async Element.elementErrorHandlerCallbackFn (D:\Automation Program Global - Advanced\Homework 7 - CI-CD\wdio-selenium-grid\node_modules\webdriverio\build\middlewares.js:24:32)
    at async Element.wrapCommandFn (D:\Automation Program Global - Advanced\Homework 7 - CI-CD\wdio-selenium-grid\node_modules\@wdio\utils\build\shim.js:137:29)
    at async Element.wrapCommandFn (D:\Automation Program Global - Advanced\Homework 7 - CI-CD\wdio-selenium-grid\node_modules\@wdio\utils\build\shim.js:137:29)
    at async Element.elementErrorHandlerCallbackFn (D:\Automation Program Global - Advanced\Homework 7 - CI-CD\wdio-selenium-grid\node_modules\webdriverio\build\middlewares.js:24:32)
    at async Element.wrapCommandFn (D:\Automation Program Global - Advanced\Homework 7 - CI-CD\wdio-selenium-grid\node_modules\@wdio\utils\build\shim.js:137:29)
    at async Element.waitForEnabled (D:\Automation Program Global - Advanced\Homework 7 - CI-CD\wdio-selenium-grid\node_modules\webdriverio\build\commands\element\waitForEnabled.js:51:9)
    at async Element.wrapCommandFn (D:\Automation Program Global - Advanced\Homework 7 - CI-CD\wdio-selenium-grid\node_modules\@wdio\utils\build\shim.js:137:29)
    at async Element.elementErrorHandlerCallbackFn (D:\Automation Program Global - Advanced\Homework 7 - CI-CD\wdio-selenium-grid\node_modules\webdriverio\build\middlewares.js:24:32)
]]></system-err>
    </testcase>
    <testcase classname="chrome.107_0_5304_87.linux.My_Login_application" name="Error Message Contain Text" time="4.938">
      <failure/>
      <error message="expect(received).toEqual(expected) // deep equality&#xA;&#xA;Expected: &quot;Your email or password is incorrect.&quot;&#xA;Received: &quot;Your reCAPTCHA was invalid. Please try again.&quot;"/>
      <system-out><![CDATA[
COMMAND: POST /session/d2fc1ff8316d64a4ed5efca7d33f875e/url - {"url":"https://sso.teachable.com/secure/9521/identity/login/password"}
RESULT: {"url":"https://sso.teachable.com/secure/9521/identity/login/password"}
COMMAND: GET /session/d2fc1ff8316d64a4ed5efca7d33f875e/title - {}
RESULT: {}
COMMAND: POST /session/d2fc1ff8316d64a4ed5efca7d33f875e/element - {"using":"css selector","value":"input[type=\"email\"]"}
RESULT: {"using":"css selector","value":"input[type=\"email\"]"}
COMMAND: POST /session/d2fc1ff8316d64a4ed5efca7d33f875e/element/02621876-6e28-4064-bfcd-927cb5aaa45c/click - {}
RESULT: {}
COMMAND: POST /session/d2fc1ff8316d64a4ed5efca7d33f875e/element - {"using":"css selector","value":"input[type=\"email\"]"}
RESULT: {"using":"css selector","value":"input[type=\"email\"]"}
COMMAND: POST /session/d2fc1ff8316d64a4ed5efca7d33f875e/element/02621876-6e28-4064-bfcd-927cb5aaa45c/value - {"text":"a_niko416@mail.ru"}
RESULT: {"text":"a_niko416@mail.ru"}
COMMAND: POST /session/d2fc1ff8316d64a4ed5efca7d33f875e/element - {"using":"css selector","value":"input[type=\"password\"]"}
RESULT: {"using":"css selector","value":"input[type=\"password\"]"}
COMMAND: POST /session/d2fc1ff8316d64a4ed5efca7d33f875e/element/9652ee28-01d6-4ef5-96ca-c56f6589289f/click - {}
RESULT: {}
COMMAND: POST /session/d2fc1ff8316d64a4ed5efca7d33f875e/element - {"using":"css selector","value":"input[type=\"password\"]"}
RESULT: {"using":"css selector","value":"input[type=\"password\"]"}
COMMAND: POST /session/d2fc1ff8316d64a4ed5efca7d33f875e/element/9652ee28-01d6-4ef5-96ca-c56f6589289f/value - {"text":"Pavlusha_18"}
RESULT: {"text":"Pavlusha_18"}
COMMAND: POST /session/d2fc1ff8316d64a4ed5efca7d33f875e/element - {"using":"css selector","value":"input[type=\"submit\"]"}
RESULT: {"using":"css selector","value":"input[type=\"submit\"]"}
COMMAND: POST /session/d2fc1ff8316d64a4ed5efca7d33f875e/element/c9190988-6b87-4370-b7e5-c8eced72988c/click - {}
RESULT: {}
COMMAND: POST /session/d2fc1ff8316d64a4ed5efca7d33f875e/element - {"using":"css selector","value":".text-with-icon"}
RESULT: {"using":"css selector","value":".text-with-icon"}
COMMAND: POST /session/d2fc1ff8316d64a4ed5efca7d33f875e/elements - {"using":"css selector","value":".text-with-icon"}
RESULT: {"using":"css selector","value":".text-with-icon"}
COMMAND: POST /session/d2fc1ff8316d64a4ed5efca7d33f875e/elements - {"using":"css selector","value":".text-with-icon"}
RESULT: {"using":"css selector","value":".text-with-icon"}
COMMAND: POST /session/d2fc1ff8316d64a4ed5efca7d33f875e/element - {"using":"css selector","value":".text-with-icon"}
RESULT: {"using":"css selector","value":".text-with-icon"}
COMMAND: GET /session/d2fc1ff8316d64a4ed5efca7d33f875e/element/7aab664a-886c-44af-9f83-85452e34ec47/text - {}
RESULT: {}
COMMAND: DELETE /session/d2fc1ff8316d64a4ed5efca7d33f875e - {}
RESULT: {}
]]></system-out>
      <system-err><![CDATA[
Error: [2mexpect([22m[31mreceived[39m[2m).[22mtoEqual[2m([22m[32mexpected[39m[2m) // deep equality[22m

Expected: [32m"Your [7memail or password is incorrect[27m."[39m
Received: [31m"Your [7mreCAPTCHA was invalid. Please try again[27m."[39m
    at Context.<anonymous> (D:\Automation Program Global - Advanced\Homework 7 - CI-CD\wdio-selenium-grid\test\specs\example.e2e.js:39:32)
    at processTicksAndRejections (node:internal/process/task_queues:96:5)
]]></system-err>
    </testcase>
    <testcase classname="chrome.107_0_5304_87.linux.My_Login_application" name="Multiple Elements on the page" time="24.957">
      <failure/>
      <error message="element (&quot;ul.navigation&quot;) still not enabled after 20000ms"/>
      <system-out><![CDATA[
COMMAND: POST /session/17eb2e9ffe5ad03c670e0ced9421dc16/url - {"url":"https://sso.teachable.com/secure/9521/identity/login/password"}
RESULT: {"url":"https://sso.teachable.com/secure/9521/identity/login/password"}
COMMAND: POST /session/17eb2e9ffe5ad03c670e0ced9421dc16/element - {"using":"css selector","value":"input[type=\"submit\"]"}
RESULT: {"using":"css selector","value":"input[type=\"submit\"]"}
COMMAND: POST /session/17eb2e9ffe5ad03c670e0ced9421dc16/element - {"using":"css selector","value":"input[type=\"email\"]"}
RESULT: {"using":"css selector","value":"input[type=\"email\"]"}
COMMAND: POST /session/17eb2e9ffe5ad03c670e0ced9421dc16/element - {"using":"css selector","value":"input[type=\"password\"]"}
RESULT: {"using":"css selector","value":"input[type=\"password\"]"}
COMMAND: POST /session/17eb2e9ffe5ad03c670e0ced9421dc16/element - {"using":"css selector","value":"ul.navigation li:nth-child(1) .fedora-navbar-link"}
RESULT: {"using":"css selector","value":"ul.navigation li:nth-child(1) .fedora-navbar-link"}
COMMAND: GET /session/17eb2e9ffe5ad03c670e0ced9421dc16/title - {}
RESULT: {}
COMMAND: POST /session/17eb2e9ffe5ad03c670e0ced9421dc16/element/93a5624a-49e5-4976-a717-b50ea5c3cc23/click - {}
RESULT: {}
COMMAND: POST /session/17eb2e9ffe5ad03c670e0ced9421dc16/element/93a5624a-49e5-4976-a717-b50ea5c3cc23/clear - {}
RESULT: {}
COMMAND: POST /session/17eb2e9ffe5ad03c670e0ced9421dc16/element/93a5624a-49e5-4976-a717-b50ea5c3cc23/value - {"text":"a_niko415@mail.ru"}
RESULT: {"text":"a_niko415@mail.ru"}
COMMAND: POST /session/17eb2e9ffe5ad03c670e0ced9421dc16/element/c1ff8687-ffd0-410b-9640-965c6d672159/click - {}
RESULT: {}
COMMAND: POST /session/17eb2e9ffe5ad03c670e0ced9421dc16/element/c1ff8687-ffd0-410b-9640-965c6d672159/value - {"text":"Pavlusha_19"}
RESULT: {"text":"Pavlusha_19"}
COMMAND: POST /session/17eb2e9ffe5ad03c670e0ced9421dc16/element/90ad795c-f6fd-47f7-b1c3-af514bdd7303/click - {}
RESULT: {}
COMMAND: POST /session/17eb2e9ffe5ad03c670e0ced9421dc16/element - {"using":"css selector","value":"ul.navigation"}
RESULT: {"using":"css selector","value":"ul.navigation"}
COMMAND: POST /session/17eb2e9ffe5ad03c670e0ced9421dc16/elements - {"using":"css selector","value":"ul.navigation"}
RESULT: {"using":"css selector","value":"ul.navigation"}
COMMAND: POST /session/17eb2e9ffe5ad03c670e0ced9421dc16/elements - {"using":"css selector","value":"ul.navigation"}
RESULT: {"using":"css selector","value":"ul.navigation"}
COMMAND: POST /session/17eb2e9ffe5ad03c670e0ced9421dc16/elements - {"using":"css selector","value":"ul.navigation"}
RESULT: {"using":"css selector","value":"ul.navigation"}
COMMAND: POST /session/17eb2e9ffe5ad03c670e0ced9421dc16/elements - {"using":"css selector","value":"ul.navigation"}
RESULT: {"using":"css selector","value":"ul.navigation"}
COMMAND: POST /session/17eb2e9ffe5ad03c670e0ced9421dc16/elements - {"using":"css selector","value":"ul.navigation"}
RESULT: {"using":"css selector","value":"ul.navigation"}
COMMAND: POST /session/17eb2e9ffe5ad03c670e0ced9421dc16/elements - {"using":"css selector","value":"ul.navigation"}
RESULT: {"using":"css selector","value":"ul.navigation"}
COMMAND: POST /session/17eb2e9ffe5ad03c670e0ced9421dc16/elements - {"using":"css selector","value":"ul.navigation"}
RESULT: {"using":"css selector","value":"ul.navigation"}
COMMAND: POST /session/17eb2e9ffe5ad03c670e0ced9421dc16/elements - {"using":"css selector","value":"ul.navigation"}
RESULT: {"using":"css selector","value":"ul.navigation"}
COMMAND: POST /session/17eb2e9ffe5ad03c670e0ced9421dc16/elements - {"using":"css selector","value":"ul.navigation"}
RESULT: {"using":"css selector","value":"ul.navigation"}
COMMAND: POST /session/17eb2e9ffe5ad03c670e0ced9421dc16/elements - {"using":"css selector","value":"ul.navigation"}
RESULT: {"using":"css selector","value":"ul.navigation"}
COMMAND: POST /session/17eb2e9ffe5ad03c670e0ced9421dc16/elements - {"using":"css selector","value":"ul.navigation"}
RESULT: {"using":"css selector","value":"ul.navigation"}
COMMAND: POST /session/17eb2e9ffe5ad03c670e0ced9421dc16/elements - {"using":"css selector","value":"ul.navigation"}
RESULT: {"using":"css selector","value":"ul.navigation"}
COMMAND: POST /session/17eb2e9ffe5ad03c670e0ced9421dc16/elements - {"using":"css selector","value":"ul.navigation"}
RESULT: {"using":"css selector","value":"ul.navigation"}
COMMAND: POST /session/17eb2e9ffe5ad03c670e0ced9421dc16/elements - {"using":"css selector","value":"ul.navigation"}
RESULT: {"using":"css selector","value":"ul.navigation"}
COMMAND: POST /session/17eb2e9ffe5ad03c670e0ced9421dc16/elements - {"using":"css selector","value":"ul.navigation"}
RESULT: {"using":"css selector","value":"ul.navigation"}
COMMAND: POST /session/17eb2e9ffe5ad03c670e0ced9421dc16/elements - {"using":"css selector","value":"ul.navigation"}
RESULT: {"using":"css selector","value":"ul.navigation"}
COMMAND: POST /session/17eb2e9ffe5ad03c670e0ced9421dc16/elements - {"using":"css selector","value":"ul.navigation"}
RESULT: {"using":"css selector","value":"ul.navigation"}
COMMAND: POST /session/17eb2e9ffe5ad03c670e0ced9421dc16/elements - {"using":"css selector","value":"ul.navigation"}
RESULT: {"using":"css selector","value":"ul.navigation"}
COMMAND: POST /session/17eb2e9ffe5ad03c670e0ced9421dc16/elements - {"using":"css selector","value":"ul.navigation"}
RESULT: {"using":"css selector","value":"ul.navigation"}
COMMAND: POST /session/17eb2e9ffe5ad03c670e0ced9421dc16/elements - {"using":"css selector","value":"ul.navigation"}
RESULT: {"using":"css selector","value":"ul.navigation"}
COMMAND: POST /session/17eb2e9ffe5ad03c670e0ced9421dc16/elements - {"using":"css selector","value":"ul.navigation"}
RESULT: {"using":"css selector","value":"ul.navigation"}
COMMAND: POST /session/17eb2e9ffe5ad03c670e0ced9421dc16/elements - {"using":"css selector","value":"ul.navigation"}
RESULT: {"using":"css selector","value":"ul.navigation"}
COMMAND: POST /session/17eb2e9ffe5ad03c670e0ced9421dc16/elements - {"using":"css selector","value":"ul.navigation"}
RESULT: {"using":"css selector","value":"ul.navigation"}
COMMAND: POST /session/17eb2e9ffe5ad03c670e0ced9421dc16/elements - {"using":"css selector","value":"ul.navigation"}
RESULT: {"using":"css selector","value":"ul.navigation"}
COMMAND: POST /session/17eb2e9ffe5ad03c670e0ced9421dc16/elements - {"using":"css selector","value":"ul.navigation"}
RESULT: {"using":"css selector","value":"ul.navigation"}
COMMAND: POST /session/17eb2e9ffe5ad03c670e0ced9421dc16/elements - {"using":"css selector","value":"ul.navigation"}
RESULT: {"using":"css selector","value":"ul.navigation"}
COMMAND: POST /session/17eb2e9ffe5ad03c670e0ced9421dc16/elements - {"using":"css selector","value":"ul.navigation"}
RESULT: {"using":"css selector","value":"ul.navigation"}
COMMAND: POST /session/17eb2e9ffe5ad03c670e0ced9421dc16/elements - {"using":"css selector","value":"ul.navigation"}
RESULT: {"using":"css selector","value":"ul.navigation"}
COMMAND: POST /session/17eb2e9ffe5ad03c670e0ced9421dc16/elements - {"using":"css selector","value":"ul.navigation"}
RESULT: {"using":"css selector","value":"ul.navigation"}
COMMAND: POST /session/17eb2e9ffe5ad03c670e0ced9421dc16/elements - {"using":"css selector","value":"ul.navigation"}
RESULT: {"using":"css selector","value":"ul.navigation"}
COMMAND: POST /session/17eb2e9ffe5ad03c670e0ced9421dc16/elements - {"using":"css selector","value":"ul.navigation"}
RESULT: {"using":"css selector","value":"ul.navigation"}
COMMAND: POST /session/17eb2e9ffe5ad03c670e0ced9421dc16/elements - {"using":"css selector","value":"ul.navigation"}
RESULT: {"using":"css selector","value":"ul.navigation"}
COMMAND: POST /session/17eb2e9ffe5ad03c670e0ced9421dc16/elements - {"using":"css selector","value":"ul.navigation"}
RESULT: {"using":"css selector","value":"ul.navigation"}
COMMAND: POST /session/17eb2e9ffe5ad03c670e0ced9421dc16/elements - {"using":"css selector","value":"ul.navigation"}
RESULT: {"using":"css selector","value":"ul.navigation"}
COMMAND: POST /session/17eb2e9ffe5ad03c670e0ced9421dc16/elements - {"using":"css selector","value":"ul.navigation"}
RESULT: {"using":"css selector","value":"ul.navigation"}
COMMAND: POST /session/17eb2e9ffe5ad03c670e0ced9421dc16/elements - {"using":"css selector","value":"ul.navigation"}
RESULT: {"using":"css selector","value":"ul.navigation"}
COMMAND: POST /session/17eb2e9ffe5ad03c670e0ced9421dc16/elements - {"using":"css selector","value":"ul.navigation"}
RESULT: {"using":"css selector","value":"ul.navigation"}
COMMAND: POST /session/17eb2e9ffe5ad03c670e0ced9421dc16/elements - {"using":"css selector","value":"ul.navigation"}
RESULT: {"using":"css selector","value":"ul.navigation"}
COMMAND: POST /session/17eb2e9ffe5ad03c670e0ced9421dc16/elements - {"using":"css selector","value":"ul.navigation"}
RESULT: {"using":"css selector","value":"ul.navigation"}
COMMAND: POST /session/17eb2e9ffe5ad03c670e0ced9421dc16/elements - {"using":"css selector","value":"ul.navigation"}
RESULT: {"using":"css selector","value":"ul.navigation"}
COMMAND: DELETE /session/17eb2e9ffe5ad03c670e0ced9421dc16 - {}
RESULT: {}
COMMAND: DELETE /session/dcacd82de21140c1a0fc9058299219d2 - {}
RESULT: {}
]]></system-out>
      <system-err><![CDATA[
Error: element ("ul.navigation") still not enabled after 20000ms
    at D:\Automation Program Global - Advanced\Homework 7 - CI-CD\wdio-selenium-grid\node_modules\webdriverio\build\commands\browser\waitUntil.js:66:23
    at async Element.wrapCommandFn (D:\Automation Program Global - Advanced\Homework 7 - CI-CD\wdio-selenium-grid\node_modules\@wdio\utils\build\shim.js:137:29)
    at async Element.elementErrorHandlerCallbackFn (D:\Automation Program Global - Advanced\Homework 7 - CI-CD\wdio-selenium-grid\node_modules\webdriverio\build\middlewares.js:24:32)
    at async Element.wrapCommandFn (D:\Automation Program Global - Advanced\Homework 7 - CI-CD\wdio-selenium-grid\node_modules\@wdio\utils\build\shim.js:137:29)
    at async Element.wrapCommandFn (D:\Automation Program Global - Advanced\Homework 7 - CI-CD\wdio-selenium-grid\node_modules\@wdio\utils\build\shim.js:137:29)
    at async Element.elementErrorHandlerCallbackFn (D:\Automation Program Global - Advanced\Homework 7 - CI-CD\wdio-selenium-grid\node_modules\webdriverio\build\middlewares.js:24:32)
    at async Element.wrapCommandFn (D:\Automation Program Global - Advanced\Homework 7 - CI-CD\wdio-selenium-grid\node_modules\@wdio\utils\build\shim.js:137:29)
    at async Element.waitForEnabled (D:\Automation Program Global - Advanced\Homework 7 - CI-CD\wdio-selenium-grid\node_modules\webdriverio\build\commands\element\waitForEnabled.js:51:9)
    at async Element.wrapCommandFn (D:\Automation Program Global - Advanced\Homework 7 - CI-CD\wdio-selenium-grid\node_modules\@wdio\utils\build\shim.js:137:29)
    at async Element.elementErrorHandlerCallbackFn (D:\Automation Program Global - Advanced\Homework 7 - CI-CD\wdio-selenium-grid\node_modules\webdriverio\build\middlewares.js:24:32)
]]></system-err>
    </testcase>
  </testsuite>
</testsuites>